Added Component: Designator=C7(C0805)
Add component (AddParameter): Name = "LatestRevisionDate"; Value = "17-Jul-2002"; VariantName = "[No Variations]"
Add component (AddParameter): Name = "LatestRevisionNote"; Value = "Re-released for DXP Platform."; VariantName = "[No Variations]"
Add component (AddParameter): Name = "PackageReference"; Value = "RAD-0.3"; VariantName = "[No Variations]"
Add component (AddParameter): Name = "Published"; Value = "8-Jun-2000"; VariantName = "[No Variations]"
Add component (AddParameter): Name = "Publisher"; Value = "Altium Limited"; VariantName = "[No Variations]"
Add component (AddParameter): Name = "Value"; Value = "33p"; VariantName = "[No Variations]"
Added Component: Designator=C8(C0805)
Add component (AddParameter): Name = "LatestRevisionDate"; Value = "17-Jul-2002"; VariantName = "[No Variations]"
Add component (AddParameter): Name = "LatestRevisionNote"; Value = "Re-released for DXP Platform."; VariantName = "[No Variations]"
Add component (AddParameter): Name = "PackageReference"; Value = "RAD-0.3"; VariantName = "[No Variations]"
Add component (AddParameter): Name = "Published"; Value = "8-Jun-2000"; VariantName = "[No Variations]"
Add component (AddParameter): Name = "Publisher"; Value = "Altium Limited"; VariantName = "[No Variations]"
Add component (AddParameter): Name = "Value"; Value = "33p"; VariantName = "[No Variations]"
Added Component: Designator=C9(C0805)
Add component (AddParameter): Name = "LatestRevisionDate"; Value = "17-Jul-2002"; VariantName = "[No Variations]"
Add component (AddParameter): Name = "LatestRevisionNote"; Value = "Re-released for DXP Platform."; VariantName = "[No Variations]"
Add component (AddParameter): Name = "PackageReference"; Value = "RAD-0.3"; VariantName = "[No Variations]"
Add component (AddParameter): Name = "Published"; Value = "8-Jun-2000"; VariantName = "[No Variations]"
Add component (AddParameter): Name = "Publisher"; Value = "Altium Limited"; VariantName = "[No Variations]"
Add component (AddParameter): Name = "Value"; Value = "33p"; VariantName = "[No Variations]"
Added Component: Designator=IC2(MODULE_ESP32-WROOM-32)
Add component (AddParameter): Name = "Digi-Key_Part_Number"; Value = "1904-1010-1-ND"; VariantName = "[No Variations]"
Add component (AddParameter): Name = "Digi-Key_Purchase_URL"; Value = "https://www.digikey.com/product-detail/en/espressif-systems/ESP32-WROOM-32/1904-1010-1-ND/8544305?utm_source=snapeda&utm_medium=aggregator&utm_campaign=symbol"; VariantName = "[No Variations]"
Add component (AddParameter): Name = "MF"; Value = "Espressif Systems"; VariantName = "[No Variations]"
Add component (AddParameter): Name = "MP"; Value = "ESP32-WROOM-32"; VariantName = "[No Variations]"
Add component (AddParameter): Name = "Package"; Value = "Module Espressif Systems"; VariantName = "[No Variations]"
Add component (AddParameter): Name = "SnapEDA_Link"; Value = "https://www.snapeda.com/parts/ESP32-WROOM-32/Espressif%20Systems/view-part/2753322/?ref=snap"; VariantName = "[No Variations]"
Add component (AddParameter): Name = "Value"; Value = ""; VariantName = "[No Variations]"
Added Component: Designator=JP1(JP6)
Add component (AddParameter): Name = "Value"; Value = "JP7"; VariantName = "[No Variations]"
Added Component: Designator=LED1(LED0805)
Add component (AddParameter): Name = "Value"; Value = "LED 3 ly Single Colour"; VariantName = "[No Variations]"
Added Component: Designator=Q1(SOT23D)
Add component (AddParameter): Name = "Value"; Value = "C1815"; VariantName = "[No Variations]"
Added Component: Designator=Q2(SOT23D)
Add component (AddParameter): Name = "Value"; Value = "C1815"; VariantName = "[No Variations]"
Added Component: Designator=R1(RES-SMD-0805)
Add component (AddParameter): Name = "Class"; Value = "Passive"; VariantName = "[No Variations]"
Add component (AddParameter): Name = "Manufacturer"; Value = "Generic Components"; VariantName = "[No Variations]"
Add component (AddParameter): Name = "Published"; Value = "08/06/2000"; VariantName = "[No Variations]"
Add component (AddParameter): Name = "Publisher"; Value = "Altium Hobart Technology Centre"; VariantName = "[No Variations]"
Added Component: Designator=R2(RES-SMD-0805)
Add component (AddParameter): Name = "Class"; Value = "Passive"; VariantName = "[No Variations]"
Add component (AddParameter): Name = "Manufacturer"; Value = "Generic Components"; VariantName = "[No Variations]"
Add component (AddParameter): Name = "Published"; Value = "08/06/2000"; VariantName = "[No Variations]"
Add component (AddParameter): Name = "Publisher"; Value = "Altium Hobart Technology Centre"; VariantName = "[No Variations]"
Added Component: Designator=R3(RES-SMD-0805)
Add component (AddParameter): Name = "Class"; Value = "Passive"; VariantName = "[No Variations]"
Add component (AddParameter): Name = "Manufacturer"; Value = "Generic Components"; VariantName = "[No Variations]"
Add component (AddParameter): Name = "Published"; Value = "08/06/2000"; VariantName = "[No Variations]"
Add component (AddParameter): Name = "Publisher"; Value = "Altium Hobart Technology Centre"; VariantName = "[No Variations]"
Added Component: Designator=R4(RES-SMD-0805)
Add component (AddParameter): Name = "Class"; Value = "Passive"; VariantName = "[No Variations]"
Add component (AddParameter): Name = "Manufacturer"; Value = "Generic Components"; VariantName = "[No Variations]"
Add component (AddParameter): Name = "Published"; Value = "08/06/2000"; VariantName = "[No Variations]"
Add component (AddParameter): Name = "Publisher"; Value = "Altium Hobart Technology Centre"; VariantName = "[No Variations]"
Added Component: Designator=R5(RES-SMD-0805)
Add component (AddParameter): Name = "Class"; Value = "Passive"; VariantName = "[No Variations]"
Add component (AddParameter): Name = "Manufacturer"; Value = "Generic Components"; VariantName = "[No Variations]"
Add component (AddParameter): Name = "Published"; Value = "08/06/2000"; VariantName = "[No Variations]"
Add component (AddParameter): Name = "Publisher"; Value = "Altium Hobart Technology Centre"; VariantName = "[No Variations]"
Added Component: Designator=R6(RES-SMD-0805)
Add component (AddParameter): Name = "Class"; Value = "Passive"; VariantName = "[No Variations]"
Add component (AddParameter): Name = "Manufacturer"; Value = "Generic Components"; VariantName = "[No Variations]"
Add component (AddParameter): Name = "Published"; Value = "08/06/2000"; VariantName = "[No Variations]"
Add component (AddParameter): Name = "Publisher"; Value = "Altium Hobart Technology Centre"; VariantName = "[No Variations]"
Added Component: Designator=SW1(SW2)
Add component (AddParameter): Name = "Value"; Value = "SW chip 2 pin"; VariantName = "[No Variations]"
Added Component: Designator=SW2(SW2)
Add component (AddParameter): Name = "Value"; Value = "SW chip 2 pin"; VariantName = "[No Variations]"
Added Component: Designator=SW3(SW2)
Add component (AddParameter): Name = "Value"; Value = "SW chip 2 pin"; VariantName = "[No Variations]"
Added Component: Designator=U2(SOP-16)
Add component (AddParameter): Name = "Availability"; Value = "Unavailable"; VariantName = "[No Variations]"
Add component (AddParameter): Name = "Check_prices"; Value = "https://www.snapeda.com/parts/CH340C/WCH/view-part/5428851/?ref=eda"; VariantName = "[No Variations]"
Add component (AddParameter): Name = "MF"; Value = "WCH"; VariantName = "[No Variations]"
Add component (AddParameter): Name = "MP"; Value = "CH340C"; VariantName = "[No Variations]"
Add component (AddParameter): Name = "Package"; Value = "Package"; VariantName = "[No Variations]"
Add component (AddParameter): Name = "Price"; Value = "None"; VariantName = "[No Variations]"
Add component (AddParameter): Name = "SnapEDA_Link"; Value = "https://www.snapeda.com/parts/CH340C/WCH/view-part/5428851/?ref=snap"; VariantName = "[No Variations]"
Add component (AddParameter): Name = "Value"; Value = ""; VariantName = "[No Variations]"
Added Component: Designator=USB1(USB-M1)
Added Pin To Net: NetName=3V3 Pin=C7-1
Added Pin To Net: NetName=GND Pin=C7-2
Added Pin To Net: NetName=3V3 Pin=C8-1
Added Pin To Net: NetName=GND Pin=C8-2
Added Pin To Net: NetName=GND Pin=C9-1
Added Pin To Net: NetName=GND Pin=IC2-1
Added Pin To Net: NetName=3V3 Pin=IC2-2
Added Pin To Net: NetName=GND Pin=IC2-15
Added Pin To Net: NetName=GND Pin=IC2-38
Added Pin To Net: NetName=GND Pin=IC2-39_1
Added Pin To Net: NetName=GND Pin=IC2-39_2
Added Pin To Net: NetName=GND Pin=IC2-39_3
Added Pin To Net: NetName=GND Pin=IC2-39_4
Added Pin To Net: NetName=GND Pin=IC2-39_5
Added Pin To Net: NetName=GND Pin=IC2-39_6
Added Pin To Net: NetName=GND Pin=IC2-39_7
Added Pin To Net: NetName=GND Pin=IC2-39_8
Added Pin To Net: NetName=GND Pin=IC2-39_9
Added Pin To Net: NetName=GND Pin=IC2-39_10
Added Pin To Net: NetName=GND Pin=IC2-39_11
Added Pin To Net: NetName=GND Pin=IC2-39_12
Added Pin To Net: NetName=GND Pin=IC2-39_13
Added Pin To Net: NetName=GND Pin=IC2-39_14
Added Pin To Net: NetName=GND Pin=IC2-39_15
Added Pin To Net: NetName=GND Pin=IC2-39_16
Added Pin To Net: NetName=GND Pin=IC2-39_17
Added Pin To Net: NetName=GND Pin=IC2-39_18
Added Pin To Net: NetName=GND Pin=IC2-39_19
Added Pin To Net: NetName=GND Pin=IC2-39_20
Added Pin To Net: NetName=GND Pin=IC2-39_21
Added Pin To Net: NetName=GND Pin=LED1-2
Added Pin To Net: NetName=3V3 Pin=R1-2
Added Pin To Net: NetName=3V3 Pin=R3-2
Added Pin To Net: NetName=3V3 Pin=R4-2
Added Pin To Net: NetName=GND Pin=SW1-2
Added Pin To Net: NetName=GND Pin=SW2-2
Added Pin To Net: NetName=GND Pin=SW3-2
Added Pin To Net: NetName=GND Pin=U2-1
Added Pin To Net: NetName=GND Pin=USB1-5
Added Pin To Net: NetName=GND Pin=USB1-5
Added Pin To Net: NetName=GND Pin=USB1-5
Added Pin To Net: NetName=D0_N Pin=U2-5
Added Pin To Net: NetName=D0_N Pin=USB1-3
Added Net: Name=D0_N
Added Pin To Net: NetName=D0_P Pin=U2-6
Added Pin To Net: NetName=D0_P Pin=USB1-2
Added Net: Name=D0_P
Added Pin To Net: NetName=DTR Pin=Q2-2
Added Pin To Net: NetName=DTR Pin=R5-1
Added Pin To Net: NetName=DTR Pin=U2-13
Added Net: Name=DTR
Added Pin To Net: NetName=EN Pin=IC2-3
Added Pin To Net: NetName=EN Pin=Q1-3
Added Pin To Net: NetName=EN Pin=R4-1
Added Pin To Net: NetName=EN Pin=SW3-1
Added Net: Name=EN
Added Pin To Net: NetName=IO_0 Pin=IC2-25
Added Pin To Net: NetName=IO_0 Pin=Q2-3
Added Pin To Net: NetName=IO_0 Pin=R1-1
Added Pin To Net: NetName=IO_0 Pin=SW1-1
Added Net: Name=IO_0
Added Pin To Net: NetName=IO_2 Pin=IC2-24
Added Pin To Net: NetName=IO_2 Pin=R2-2
Added Net: Name=IO_2
Added Pin To Net: NetName=IO_16 Pin=R3-1
Added Pin To Net: NetName=IO_16 Pin=SW2-1
Added Net: Name=IO_16
Added Pin To Net: NetName=NetIC2_28 Pin=IC2-28
Added Pin To Net: NetName=NetIC2_28 Pin=JP1-1
Added Net: Name=NetIC2_28
Added Pin To Net: NetName=NetIC2_30 Pin=IC2-30
Added Pin To Net: NetName=NetIC2_30 Pin=JP1-2
Added Net: Name=NetIC2_30
Added Pin To Net: NetName=NetIC2_31 Pin=IC2-31
Added Pin To Net: NetName=NetIC2_31 Pin=JP1-3
Added Net: Name=NetIC2_31
Added Pin To Net: NetName=NetIC2_33 Pin=IC2-33
Added Pin To Net: NetName=NetIC2_33 Pin=JP1-4
Added Net: Name=NetIC2_33
Added Pin To Net: NetName=NetIC2_36 Pin=IC2-36
Added Pin To Net: NetName=NetIC2_36 Pin=JP1-5
Added Net: Name=NetIC2_36
Added Pin To Net: NetName=NetIC2_37 Pin=IC2-37
Added Pin To Net: NetName=NetIC2_37 Pin=JP1-6
Added Net: Name=NetIC2_37
Added Pin To Net: NetName=NetLED1_1 Pin=LED1-1
Added Pin To Net: NetName=NetLED1_1 Pin=R2-1
Added Net: Name=NetLED1_1
Added Pin To Net: NetName=NetQ1_1 Pin=Q1-1
Added Pin To Net: NetName=NetQ1_1 Pin=R5-2
Added Net: Name=NetQ1_1
Added Pin To Net: NetName=NetQ2_1 Pin=Q2-1
Added Pin To Net: NetName=NetQ2_1 Pin=R6-2
Added Net: Name=NetQ2_1
Added Pin To Net: NetName=RST Pin=Q1-2
Added Pin To Net: NetName=RST Pin=R6-1
Added Pin To Net: NetName=RST Pin=U2-14
Added Net: Name=RST
Added Pin To Net: NetName=RX Pin=IC2-35
Added Pin To Net: NetName=RX Pin=U2-3
Added Net: Name=RX
Added Pin To Net: NetName=TX Pin=IC2-34
Added Pin To Net: NetName=TX Pin=U2-2
Added Net: Name=TX
Added Pin To Net: NetName=V3 Pin=U2-4
Added Net: Name=V3
Added Pin To Net: NetName=VCC Pin=C9-2
Added Pin To Net: NetName=VCC Pin=U2-16
Added Pin To Net: NetName=VCC Pin=USB1-1
Added Net: Name=VCC
Added Class: Name=MCU
Added Differential Pair: Name=D0
Added Class: Name=diff
