Removed Pin From Net: NetName=+5 Pin=C?-1
Removed Pin From Net: NetName=GND Pin=DIO?-1
Removed Pin From Net: NetName=NetDIO?_2 Pin=DIO?-2
Removed Pin From Net: NetName=NetDIO?_2 Pin=L?-1
Removed Pin From Net: NetName=+5 Pin=L?-2
Removed Pin From Net: NetName=NetDIO?_2 Pin=U?-2
Removed Pin From Net: NetName=+5 Pin=U?-4
Change Component Comment : Designator=L? Old Comment=22uH New Comment=33uH
Change Component Comment : Designator=C? Old Comment=CN-ALU-SMD New Comment=100uF
Change Component Comment : Designator=C? Old Comment=CN-ALU-SMD New Comment=220uF
Change Component Designator: OldDesignator=C? NewDesignator=C1
Change Component Designator: OldDesignator=C? NewDesignator=C2
Change Component Designator: OldDesignator=JDC NewDesignator=JDC1
Change Component Designator: OldDesignator=L? NewDesignator=L1
Change Component Designator: OldDesignator=U? NewDesignator=U1
Added Component: Designator=C1(CAP_0402)
Add component. Clean all parameters for all variants
Add component (AddParameter): Name = "LatestRevisionDate"; Value = "17-Jul-2002"; VariantName = "[No Variations]"
Add component (AddParameter): Name = "LatestRevisionNote"; Value = "Re-released for DXP Platform."; VariantName = "[No Variations]"
Add component (AddParameter): Name = "PackageReference"; Value = "RAD-0.3"; VariantName = "[No Variations]"
Add component (AddParameter): Name = "Published"; Value = "8-Jun-2000"; VariantName = "[No Variations]"
Add component (AddParameter): Name = "Publisher"; Value = "Altium Limited"; VariantName = "[No Variations]"
Add component (AddParameter): Name = "Value"; Value = "33p"; VariantName = "[No Variations]"
Added Component: Designator=C2(C3MM)
Add component. Clean all parameters for all variants
Add component (AddParameter): Name = "LatestRevisionDate"; Value = "17-Jul-2002"; VariantName = "[No Variations]"
Add component (AddParameter): Name = "LatestRevisionNote"; Value = "Re-released for DXP Platform."; VariantName = "[No Variations]"
Add component (AddParameter): Name = "PackageReference"; Value = "POLAR0.8"; VariantName = "[No Variations]"
Add component (AddParameter): Name = "Published"; Value = "8-Jun-2000"; VariantName = "[No Variations]"
Add component (AddParameter): Name = "Publisher"; Value = "Altium Limited"; VariantName = "[No Variations]"
Added Component: Designator=C?(CAP-ALU-SMD-4.5x5x1.4)
Add component. Clean all parameters for all variants
Add component (AddParameter): Name = "LatestRevisionDate"; Value = "17-Jul-2002"; VariantName = "[No Variations]"
Add component (AddParameter): Name = "LatestRevisionNote"; Value = "Re-released for DXP Platform."; VariantName = "[No Variations]"
Add component (AddParameter): Name = "PackageReference"; Value = "POLAR0.8"; VariantName = "[No Variations]"
Add component (AddParameter): Name = "Published"; Value = "8-Jun-2000"; VariantName = "[No Variations]"
Add component (AddParameter): Name = "Publisher"; Value = "Altium Limited"; VariantName = "[No Variations]"
Added Component: Designator=D1(DIO-2A)
Add component. Clean all parameters for all variants
Add component (AddParameter): Name = "Code - JEDEC"; Value = "DO-214-AB"; VariantName = "[No Variations]"
Add component (AddParameter): Name = "Published"; Value = "8-Jun-2000"; VariantName = "[No Variations]"
Add component (AddParameter): Name = "Publisher"; Value = "Altium Limited"; VariantName = "[No Variations]"
Add component (AddParameter): Name = "Revision"; Value = "July-2002: Re-released for DXP Platform."; VariantName = "[No Variations]"
Add component (AddParameter): Name = "Value"; Value = "1N5007"; VariantName = "[No Variations]"
Added Component: Designator=D?(SMA)
Add component. Clean all parameters for all variants
Add component (AddParameter): Name = "Value"; Value = "Diode c?m 1N5408"; VariantName = "[No Variations]"
Added Component: Designator=L?(L-SMD-M-7.3x4.5)
Add component. Clean all parameters for all variants
Add component (AddParameter): Name = "Value"; Value = "150 mH"; VariantName = "[No Variations]"
Added Component: Designator=R1(RES-SMD-0101)
Add component. Clean all parameters for all variants
Add component (AddParameter): Name = "Class"; Value = "Passive"; VariantName = "[No Variations]"
Add component (AddParameter): Name = "Manufacturer"; Value = "Generic Components"; VariantName = "[No Variations]"
Add component (AddParameter): Name = "Published"; Value = "08/06/2000"; VariantName = "[No Variations]"
Add component (AddParameter): Name = "Publisher"; Value = "Altium Hobart Technology Centre"; VariantName = "[No Variations]"
Added Component: Designator=R2(RES-SMD-0101)
Add component. Clean all parameters for all variants
Add component (AddParameter): Name = "Class"; Value = "Passive"; VariantName = "[No Variations]"
Add component (AddParameter): Name = "Manufacturer"; Value = "Generic Components"; VariantName = "[No Variations]"
Add component (AddParameter): Name = "Published"; Value = "08/06/2000"; VariantName = "[No Variations]"
Add component (AddParameter): Name = "Publisher"; Value = "Altium Hobart Technology Centre"; VariantName = "[No Variations]"
Added Component: Designator=R?(RES-1/2W)
Add component. Clean all parameters for all variants
Add component (AddParameter): Name = "Value"; Value = "R1/4W - 1K"; VariantName = "[No Variations]"
Added Component: Designator=R?(RES-1/2W)
Add component. Clean all parameters for all variants
Add component (AddParameter): Name = "Value"; Value = "R1/4W - 1K"; VariantName = "[No Variations]"
Added Component: Designator=U?(LM1117-SOP)
Add component. Clean all parameters for all variants
Add component (AddParameter): Name = "Creator"; Value = "Nguyen Ba Bien"; VariantName = "[No Variations]"
Add component (AddParameter): Name = "Website"; Value = "http://group3i.net"; VariantName = "[No Variations]"
Added Pin To Net: NetName=GND Pin=C1-1
Added Pin To Net: NetName=GND Pin=C2-2
Added Pin To Net: NetName=+5 Pin=C?-1
Added Pin To Net: NetName=GND Pin=C?-2
Added Pin To Net: NetName=+5 Pin=D1-2
Added Pin To Net: NetName=GND Pin=D?-1
Added Pin To Net: NetName=+5 Pin=L?-2
Added Pin To Net: NetName=GND Pin=R1-1
Added Pin To Net: NetName=NetDIO?_2 Pin=R1-2
Added Pin To Net: NetName=NetDIO?_2 Pin=R2-1
Added Pin To Net: NetName=GND Pin=R?-1
Added Pin To Net: NetName=NetDIO?_2 Pin=U1-4
Added Pin To Net: NetName=+5 Pin=U?-3
Change Net Name : Old Net Name=+12 New Net Name=NetC2_1
Change Net Name : Old Net Name=NetDIO?_2 New Net Name=NetR1_2
Added Pin To Net: NetName=+3.3 Pin=C2-1
Added Pin To Net: NetName=+3.3 Pin=D1-1
Added Pin To Net: NetName=+3.3 Pin=R?-2
Added Pin To Net: NetName=+3.3 Pin=U?-2
Added Pin To Net: NetName=+3.3 Pin=U?-2
Added Net: Name=+3.3
Added Pin To Net: NetName=NetC1_1 Pin=C1-1
Added Pin To Net: NetName=NetC1_1 Pin=L1-2
Added Pin To Net: NetName=NetC1_1 Pin=L?-1
Added Pin To Net: NetName=NetC1_1 Pin=R2-2
Added Net: Name=NetC1_1
Added Pin To Net: NetName=NetC1_2 Pin=C1-2
Added Pin To Net: NetName=NetC1_2 Pin=R?-1
Added Pin To Net: NetName=NetC1_2 Pin=R?-2
Added Pin To Net: NetName=NetC1_2 Pin=U?-1
Added Net: Name=NetC1_2
Added Pin To Net: NetName=NetD?_2 Pin=D?-2
Added Pin To Net: NetName=NetD?_2 Pin=L1-1
Added Pin To Net: NetName=NetD?_2 Pin=U1-2
Added Net: Name=NetD?_2
Added Member To Class: ClassName=machnguon Member=Component C1 104
Added Member To Class: ClassName=machnguon Member=Component C1 220uF
Added Member To Class: ClassName=machnguon Member=Component C2 100uF
Added Member To Class: ClassName=machnguon Member=Component C2 22uF
Added Member To Class: ClassName=machnguon Member=Component C? 100uF
Added Member To Class: ClassName=machnguon Member=Component D1 Diode
Added Member To Class: ClassName=machnguon Member=Component D? 1N5822
Added Member To Class: ClassName=machnguon Member=Component JDC1 Jac DC
Added Member To Class: ClassName=machnguon Member=Component L1 33uH
Added Member To Class: ClassName=machnguon Member=Component L? 20uH
Added Member To Class: ClassName=machnguon Member=Component R1 3k6
Added Member To Class: ClassName=machnguon Member=Component R2 11k
Added Member To Class: ClassName=machnguon Member=Component R? 820
Added Member To Class: ClassName=machnguon Member=Component R? 510
Added Member To Class: ClassName=machnguon Member=Component U1 LM2976
Added Member To Class: ClassName=machnguon Member=Component U? LM1117-ADJ
Added Room: Name=machnguon
