Removed Pin From Net: NetName=NetC2_1 Pin=C2-1
Removed Pin From Net: NetName=+5 Pin=C?-1
Removed Pin From Net: NetName=GND Pin=C?-2
Removed Pin From Net: NetName=+3.3 Pin=D1-1
Removed Pin From Net: NetName=+5 Pin=D1-2
Removed Pin From Net: NetName=NetC1_2 Pin=R?-1
Removed Pin From Net: NetName=+3.3 Pin=R?-2
Removed Member From Class: ClassName=machnguon Member=D1
Removed Member From Class: ClassName=machnguon Member=R?
Change Component Footprint: Designator=C1 Old Footprint=CAP-ALU-SMD-4.5x5x1.4 New Footprint=C3MM
Change Component Footprint: Designator=C2 Old Footprint=CAP-ALU-SMD-4.5x5x1.4 New Footprint=C3MM
Change Component Footprint: Designator=R1 Old Footprint=RES-SMD-0101 New Footprint=RES-SMD-0805
Change Component Footprint: Designator=R2 Old Footprint=RES-SMD-0101 New Footprint=RES-SMD-0805
Added Component: Designator=C2(C3MM)
Add component. Clean all parameters for all variants
Add component (AddParameter): Name = "LatestRevisionDate"; Value = "17-Jul-2002"; VariantName = "[No Variations]"
Add component (AddParameter): Name = "LatestRevisionNote"; Value = "Re-released for DXP Platform."; VariantName = "[No Variations]"
Add component (AddParameter): Name = "PackageReference"; Value = "POLAR0.8"; VariantName = "[No Variations]"
Add component (AddParameter): Name = "Published"; Value = "8-Jun-2000"; VariantName = "[No Variations]"
Add component (AddParameter): Name = "Publisher"; Value = "Altium Limited"; VariantName = "[No Variations]"
Added Component: Designator=DIO?(DIO-SMD-106)
Add component. Clean all parameters for all variants
Add component (AddParameter): Name = "Code - JEDEC"; Value = "DO-214-AB"; VariantName = "[No Variations]"
Add component (AddParameter): Name = "Published"; Value = "8-Jun-2000"; VariantName = "[No Variations]"
Add component (AddParameter): Name = "Publisher"; Value = "Altium Limited"; VariantName = "[No Variations]"
Add component (AddParameter): Name = "Revision"; Value = "July-2002: Re-released for DXP Platform."; VariantName = "[No Variations]"
Add component (AddParameter): Name = "Value"; Value = "1N5007"; VariantName = "[No Variations]"
Added Component: Designator=R3(RES-SMD-0805)
Add component. Clean all parameters for all variants
Add component (AddParameter): Name = "Class"; Value = "Passive"; VariantName = "[No Variations]"
Add component (AddParameter): Name = "Manufacturer"; Value = "Generic Components"; VariantName = "[No Variations]"
Add component (AddParameter): Name = "Published"; Value = "08/06/2000"; VariantName = "[No Variations]"
Add component (AddParameter): Name = "Publisher"; Value = "Altium Hobart Technology Centre"; VariantName = "[No Variations]"
Added Component: Designator=R4(RES-SMD-0805)
Add component. Clean all parameters for all variants
Add component (AddParameter): Name = "Class"; Value = "Passive"; VariantName = "[No Variations]"
Add component (AddParameter): Name = "Manufacturer"; Value = "Generic Components"; VariantName = "[No Variations]"
Add component (AddParameter): Name = "Published"; Value = "08/06/2000"; VariantName = "[No Variations]"
Add component (AddParameter): Name = "Publisher"; Value = "Altium Hobart Technology Centre"; VariantName = "[No Variations]"
Added Pin To Net: NetName=+5 Pin=C2-1
Added Pin To Net: NetName=NetC2_1 Pin=C2-1
Added Pin To Net: NetName=GND Pin=C2-2
Added Pin To Net: NetName=+3.3 Pin=DIO?-1
Added Pin To Net: NetName=+5 Pin=DIO?-2
Added Pin To Net: NetName=+3.3 Pin=R3-1
Added Pin To Net: NetName=NetC1_2 Pin=R3-2
Added Pin To Net: NetName=NetC1_2 Pin=R4-1
Added Pin To Net: NetName=GND Pin=R4-2
Added Member To Class: ClassName=machnguon Member=Component C1 104
Added Member To Class: ClassName=machnguon Member=Component C2 100uF
Added Member To Class: ClassName=machnguon Member=Component C2 22uF
Added Member To Class: ClassName=machnguon Member=Component DIO? Diode SMD
Added Member To Class: ClassName=machnguon Member=Component L? 20uH
Added Member To Class: ClassName=machnguon Member=Component R3 510
Added Member To Class: ClassName=machnguon Member=Component R4 820
Added Member To Class: ClassName=machnguon Member=Component U? LM1117-ADJ
Added Room: Name=machnguon
